#-----------------------------------------------------------
# Vivado v2019.1 (64-bit)
# SW Build 2552052 on Fri May 24 14:49:42 MDT 2019
# IP Build 2548770 on Fri May 24 18:01:18 MDT 2019
# Start of session at: Tue May  3 15:42:15 2022
# Process ID: 2920
# Current directory: C:/Users/patelr124/Desktop/project_2
# Command line: vivado.exe -gui_launcher_event rodinguilauncherevent14424 C:\Users\patelr124\Desktop\project_2\project_2.xpr
# Log file: C:/Users/patelr124/Desktop/project_2/vivado.log
# Journal file: C:/Users/patelr124/Desktop/project_2\vivado.jou
#-----------------------------------------------------------
start_gui
open_project C:/Users/patelr124/Desktop/project_2/project_2.xpr
Scanning sources...
Finished scanning sources
INFO: [IP_Flow 19-234] Refreshing IP repositories
INFO: [IP_Flow 19-1704] No user IP repositories specified
INFO: [IP_Flow 19-2313] Loaded Vivado IP repository 'C:/Xilinx/Vivado/2019.1/data/ip'.
open_project: Time (s): cpu = 00:00:12 ; elapsed = 00:00:06 . Memory (MB): peak = 975.844 ; gain = 53.938
update_compile_order -fileset sources_1
exit
INFO: [Common 17-206] Exiting Vivado at Tue May  3 15:43:03 2022...
